[0718/143806.282:ERROR:file_io.cc(134)] WriteFile: The pipe is being closed. (0xE8)
[0730/130011.667:ERROR:file_io.cc(134)] WriteFile: The pipe is being closed. (0xE8)
[0806/150339.234:ERROR:file_io.cc(89)] ReadExactly: expected 36, observed 0
[0807/113844.747:ERROR:file_io.cc(134)] WriteFile: The pipe is being closed. (0xE8)
[0808/155123.228:ERROR:file_io.cc(89)] ReadExactly: expected 36, observed 0
[0809/124052.905:ERROR:process_memory_win.cc(73)] ReadMemory at 0x14fa7b53640 of 72 bytes failed: Only part of a ReadProcessMemory or WriteProcessMemory request was completed. (0x12B)
[0809/124053.694:WARNING:pe_image_annotations_reader.cc(134)] could not read annotations list object in C:\Program Files (x86)\Google\Chrome\Application\75.0.3770.142\chrome_elf.dll
[0809/124053.704:ERROR:process_memory_win.cc(73)] ReadMemory at 0x14fa7c60000 of 64 bytes failed: Only part of a ReadProcessMemory or WriteProcessMemory request was completed. (0x12B)
[0809/124053.704:WARNING:pe_image_reader.cc(340)] could not read dos header from C:\Windows\System32\IMM32.DLL
[0809/124053.799:ERROR:process_memory_win.cc(73)] ReadMemory at 0x14fa8160310 of 72 bytes failed: Only part of a ReadProcessMemory or WriteProcessMemory request was completed. (0x12B)
[0809/124053.799:WARNING:pe_image_annotations_reader.cc(134)] could not read annotations list object in C:\Program Files (x86)\Google\Chrome\Application\75.0.3770.142\chrome_child.dll
[0809/124053.800:ERROR:process_memory_win.cc(73)] ReadMemory at 0x14fa8050000 of 64 bytes failed: Only part of a ReadProcessMemory or WriteProcessMemory request was completed. (0x12B)
[0809/124053.800:WARNING:pe_image_reader.cc(340)] could not read dos header from C:\Windows\System32\WS2_32.dll
[0809/124054.036:ERROR:process_memory_win.cc(73)] ReadMemory at 0x40a35ea000 of 90112 bytes failed: Only part of a ReadProcessMemory or WriteProcessMemory request was completed. (0x12B)
[0809/124054.036:ERROR:process_memory_win.cc(73)] ReadMemory at 0x40a37fd000 of 12288 bytes failed: Only part of a ReadProcessMemory or WriteProcessMemory request was completed. (0x12B)
[0809/124054.036:ERROR:process_memory_win.cc(73)] ReadMemory at 0x40a3bfd000 of 12288 bytes failed: Only part of a ReadProcessMemory or WriteProcessMemory request was completed. (0x12B)
[0809/124054.036:ERROR:process_memory_win.cc(73)] ReadMemory at 0x40a3dfb000 of 20480 bytes failed: Only part of a ReadProcessMemory or WriteProcessMemory request was completed. (0x12B)
[0809/124054.036:ERROR:process_memory_win.cc(73)] ReadMemory at 0x40a3ffe000 of 8192 bytes failed: Only part of a ReadProcessMemory or WriteProcessMemory request was completed. (0x12B)
[0809/124054.036:ERROR:process_memory_win.cc(73)] ReadMemory at 0x40a41fd000 of 12288 bytes failed: Only part of a ReadProcessMemory or WriteProcessMemory request was completed. (0x12B)
[0809/124054.036:ERROR:process_memory_win.cc(73)] ReadMemory at 0x40a43fb000 of 20480 bytes failed: Only part of a ReadProcessMemory or WriteProcessMemory request was completed. (0x12B)
[0809/124054.037:ERROR:process_memory_win.cc(73)] ReadMemory at 0x40a47fa000 of 24576 bytes failed: Only part of a ReadProcessMemory or WriteProcessMemory request was completed. (0x12B)
[0809/124054.037:ERROR:process_memory_win.cc(73)] ReadMemory at 0x40a49fa000 of 24576 bytes failed: Only part of a ReadProcessMemory or WriteProcessMemory request was completed. (0x12B)
[0809/124054.037:ERROR:process_memory_win.cc(73)] ReadMemory at 0x40a4bfa000 of 24576 bytes failed: Only part of a ReadProcessMemory or WriteProcessMemory request was completed. (0x12B)
[0809/124054.037:ERROR:process_memory_win.cc(73)] ReadMemory at 0x40a53fb000 of 20480 bytes failed: Only part of a ReadProcessMemory or WriteProcessMemory request was completed. (0x12B)
[0809/124054.037:ERROR:process_memory_win.cc(73)] ReadMemory at 0x40a55ee000 of 73728 bytes failed: Only part of a ReadProcessMemory or WriteProcessMemory request was completed. (0x12B)
[0809/124054.037:ERROR:process_memory_win.cc(73)] ReadMemory at 0x40a5dfd000 of 12288 bytes failed: Only part of a ReadProcessMemory or WriteProcessMemory request was completed. (0x12B)
[0809/124054.037:ERROR:process_memory_win.cc(73)] ReadMemory at 0x40e47fc000 of 16384 bytes failed: Only part of a ReadProcessMemory or WriteProcessMemory request was completed. (0x12B)
[0809/124054.037:ERROR:process_memory_win.cc(73)] ReadMemory at 0x40e49fd000 of 12288 bytes failed: Only part of a ReadProcessMemory or WriteProcessMemory request was completed. (0x12B)
[0809/124054.037:ERROR:process_memory_win.cc(73)] ReadMemory at 0x40e4bff000 of 4096 bytes failed: Only part of a ReadProcessMemory or WriteProcessMemory request was completed. (0x12B)
[0809/124054.037:ERROR:process_memory_win.cc(73)] ReadMemory at 0x40a3254000 of 6024 bytes failed: Only part of a ReadProcessMemory or WriteProcessMemory request was completed. (0x12B)
[0809/124054.037:ERROR:process_memory_win.cc(73)] ReadMemory at 0x40a3256000 of 6024 bytes failed: Only part of a ReadProcessMemory or WriteProcessMemory request was completed. (0x12B)
[0809/124054.038:ERROR:process_memory_win.cc(73)] ReadMemory at 0x40a3258000 of 6024 bytes failed: Only part of a ReadProcessMemory or WriteProcessMemory request was completed. (0x12B)
[0809/124054.038:ERROR:process_memory_win.cc(73)] ReadMemory at 0x40a3399000 of 852 bytes failed: Only part of a ReadProcessMemory or WriteProcessMemory request was completed. (0x12B)
[0809/124054.038:ERROR:process_memory_win.cc(73)] ReadMemory at 0x40a339a000 of 6024 bytes failed: Only part of a ReadProcessMemory or WriteProcessMemory request was completed. (0x12B)
[0809/124054.038:ERROR:process_memory_win.cc(73)] ReadMemory at 0x40a339c000 of 6024 bytes failed: Only part of a ReadProcessMemory or WriteProcessMemory request was completed. (0x12B)
[0809/124054.038:ERROR:process_memory_win.cc(73)] ReadMemory at 0x40a33a0000 of 6024 bytes failed: Only part of a ReadProcessMemory or WriteProcessMemory request was completed. (0x12B)
[0809/124054.038:ERROR:process_memory_win.cc(73)] ReadMemory at 0x40a33a2000 of 6024 bytes failed: Only part of a ReadProcessMemory or WriteProcessMemory request was completed. (0x12B)
[0809/124054.038:ERROR:process_memory_win.cc(73)] ReadMemory at 0x40a33a4000 of 6024 bytes failed: Only part of a ReadProcessMemory or WriteProcessMemory request was completed. (0x12B)
[0809/124054.038:ERROR:process_memory_win.cc(73)] ReadMemory at 0x40a33a6000 of 6024 bytes failed: Only part of a ReadProcessMemory or WriteProcessMemory request was completed. (0x12B)
[0809/124054.038:ERROR:process_memory_win.cc(73)] ReadMemory at 0x40a33a8000 of 6024 bytes failed: Only part of a ReadProcessMemory or WriteProcessMemory request was completed. (0x12B)
[0809/124054.038:ERROR:process_memory_win.cc(73)] ReadMemory at 0x40a33ac000 of 6024 bytes failed: Only part of a ReadProcessMemory or WriteProcessMemory request was completed. (0x12B)
[0809/124054.038:ERROR:process_memory_win.cc(73)] ReadMemory at 0x40a33ae000 of 6024 bytes failed: Only part of a ReadProcessMemory or WriteProcessMemory request was completed. (0x12B)
[0809/124054.038:ERROR:process_memory_win.cc(73)] ReadMemory at 0x40a33b0000 of 6024 bytes failed: Only part of a ReadProcessMemory or WriteProcessMemory request was completed. (0x12B)
[0809/124054.038:ERROR:process_memory_win.cc(73)] ReadMemory at 0x40a33b8000 of 6024 bytes failed: Only part of a ReadProcessMemory or WriteProcessMemory request was completed. (0x12B)
[0809/124054.038:ERROR:process_memory_win.cc(73)] ReadMemory at 0x40a33ba000 of 6024 bytes failed: Only part of a ReadProcessMemory or WriteProcessMemory request was completed. (0x12B)
[0809/124054.038:ERROR:process_memory_win.cc(73)] ReadMemory at 0x40a33c2000 of 6024 bytes failed: Only part of a ReadProcessMemory or WriteProcessMemory request was completed. (0x12B)
[0809/124054.038:ERROR:process_memory_win.cc(73)] ReadMemory at 0x14fa7c90fc0 of 5484 bytes failed: Only part of a ReadProcessMemory or WriteProcessMemory request was completed. (0x12B)
[0809/124054.038:ERROR:process_memory_win.cc(73)] ReadMemory at 0x14fa7c92540 of 1012 bytes failed: Only part of a ReadProcessMemory or WriteProcessMemory request was completed. (0x12B)
[0809/124054.038:ERROR:process_memory_win.cc(73)] ReadMemory at 0x14fa7c92b58 of 118 bytes failed: Only part of a ReadProcessMemory or WriteProcessMemory request was completed. (0x12B)
[0809/124054.038:ERROR:process_memory_win.cc(73)] ReadMemory at 0x14fa7c92bd0 of 1054 bytes failed: Only part of a ReadProcessMemory or WriteProcessMemory request was completed. (0x12B)
[0809/124054.038:ERROR:process_memory_win.cc(73)] ReadMemory at 0x14fa7c92ff0 of 118 bytes failed: Only part of a ReadProcessMemory or WriteProcessMemory request was completed. (0x12B)
[0809/124054.038:ERROR:process_memory_win.cc(73)] ReadMemory at 0x14fa7c93068 of 100 bytes failed: Only part of a ReadProcessMemory or WriteProcessMemory request was completed. (0x12B)
[0809/124054.038:ERROR:process_memory_win.cc(73)] ReadMemory at 0x14fa7c930e0 of 58 bytes failed: Only part of a ReadProcessMemory or WriteProcessMemory request was completed. (0x12B)
[0809/124054.039:ERROR:process_memory_win.cc(73)] ReadMemory at 0x14fa7c931e0 of 132 bytes failed: Only part of a ReadProcessMemory or WriteProcessMemory request was completed. (0x12B)
[0809/124054.143:ERROR:process_memory_win.cc(73)] ReadMemory at 0x14fa7c93370 of 132 bytes failed: Only part of a ReadProcessMemory or WriteProcessMemory request was completed. (0x12B)
[0809/124054.143:ERROR:process_memory_win.cc(73)] ReadMemory at 0x14fa7c93530 of 126 bytes failed: Only part of a ReadProcessMemory or WriteProcessMemory request was completed. (0x12B)
[0809/124054.143:ERROR:process_memory_win.cc(73)] ReadMemory at 0x14fa7c938f0 of 132 bytes failed: Only part of a ReadProcessMemory or WriteProcessMemory request was completed. (0x12B)
[0809/124054.143:ERROR:process_memory_win.cc(73)] ReadMemory at 0x14fa7c93a80 of 64 bytes failed: Only part of a ReadProcessMemory or WriteProcessMemory request was completed. (0x12B)
[0809/124054.143:ERROR:process_memory_win.cc(73)] ReadMemory at 0x14fa7c93e00 of 132 bytes failed: Only part of a ReadProcessMemory or WriteProcessMemory request was completed. (0x12B)
[0809/124054.143:ERROR:process_memory_win.cc(73)] ReadMemory at 0x14fa7c93f90 of 68 bytes failed: Only part of a ReadProcessMemory or WriteProcessMemory request was completed. (0x12B)
[0809/124054.143:ERROR:process_memory_win.cc(73)] ReadMemory at 0x14fa7c94e90 of 132 bytes failed: Only part of a ReadProcessMemory or WriteProcessMemory request was completed. (0x12B)
[0809/124054.143:ERROR:process_memory_win.cc(73)] ReadMemory at 0x14fa7c94fd0 of 132 bytes failed: Only part of a ReadProcessMemory or WriteProcessMemory request was completed. (0x12B)
[0809/124054.143:ERROR:process_memory_win.cc(73)] ReadMemory at 0x14fa7c95160 of 62 bytes failed: Only part of a ReadProcessMemory or WriteProcessMemory request was completed. (0x12B)
[0809/124054.143:ERROR:process_memory_win.cc(73)] ReadMemory at 0x14fa7c954d0 of 132 bytes failed: Only part of a ReadProcessMemory or WriteProcessMemory request was completed. (0x12B)
[0809/124054.143:ERROR:process_memory_win.cc(73)] ReadMemory at 0x14fa7c95660 of 60 bytes failed: Only part of a ReadProcessMemory or WriteProcessMemory request was completed. (0x12B)
[0809/124054.143:ERROR:process_memory_win.cc(73)] ReadMemory at 0x14fa7c956b0 of 158 bytes failed: Only part of a ReadProcessMemory or WriteProcessMemory request was completed. (0x12B)
[0809/124054.143:ERROR:process_memory_win.cc(73)] ReadMemory at 0x14fa7c95880 of 132 bytes failed: Only part of a ReadProcessMemory or WriteProcessMemory request was completed. (0x12B)
[0809/124054.143:ERROR:process_memory_win.cc(73)] ReadMemory at 0x14fa7c95a10 of 64 bytes failed: Only part of a ReadProcessMemory or WriteProcessMemory request was completed. (0x12B)
[0809/124054.143:ERROR:process_memory_win.cc(73)] ReadMemory at 0x14fa7c95c60 of 132 bytes failed: Only part of a ReadProcessMemory or WriteProcessMemory request was completed. (0x12B)
[0809/124054.143:ERROR:process_memory_win.cc(73)] ReadMemory at 0x14fa7c95df0 of 64 bytes failed: Only part of a ReadProcessMemory or WriteProcessMemory request was completed. (0x12B)
[0809/124054.143:ERROR:process_memory_win.cc(73)] ReadMemory at 0x14fa7c96030 of 132 bytes failed: Only part of a ReadProcessMemory or WriteProcessMemory request was completed. (0x12B)
[0809/124054.267:ERROR:process_memory_win.cc(73)] ReadMemory at 0x14fa7c961c0 of 60 bytes failed: Only part of a ReadProcessMemory or WriteProcessMemory request was completed. (0x12B)
[0809/124054.267:ERROR:process_memory_win.cc(73)] ReadMemory at 0x14fa7c96490 of 132 bytes failed: Only part of a ReadProcessMemory or WriteProcessMemory request was completed. (0x12B)
[0809/124054.267:ERROR:process_memory_win.cc(73)] ReadMemory at 0x14fa7c96620 of 60 bytes failed: Only part of a ReadProcessMemory or WriteProcessMemory request was completed. (0x12B)
[0809/124054.267:ERROR:process_memory_win.cc(73)] ReadMemory at 0x14fa7c96840 of 132 bytes failed: Only part of a ReadProcessMemory or WriteProcessMemory request was completed. (0x12B)
[0809/124054.267:ERROR:process_memory_win.cc(73)] ReadMemory at 0x14fa7c969d0 of 62 bytes failed: Only part of a ReadProcessMemory or WriteProcessMemory request was completed. (0x12B)
[0809/124054.267:ERROR:process_memory_win.cc(73)] ReadMemory at 0x14fa7c96ce0 of 132 bytes failed: Only part of a ReadProcessMemory or WriteProcessMemory request was completed. (0x12B)
[0809/124054.267:ERROR:process_memory_win.cc(73)] ReadMemory at 0x14fa7c96e70 of 80 bytes failed: Only part of a ReadProcessMemory or WriteProcessMemory request was completed. (0x12B)
[0809/124054.267:ERROR:process_memory_win.cc(73)] ReadMemory at 0x14fa7c99490 of 132 bytes failed: Only part of a ReadProcessMemory or WriteProcessMemory request was completed. (0x12B)
[0809/124054.267:ERROR:process_memory_win.cc(73)] ReadMemory at 0x14fa7c99a90 of 78 bytes failed: Only part of a ReadProcessMemory or WriteProcessMemory request was completed. (0x12B)
[0809/124054.267:ERROR:process_memory_win.cc(73)] ReadMemory at 0x14fa7c99d30 of 76 bytes failed: Only part of a ReadProcessMemory or WriteProcessMemory request was completed. (0x12B)
[0809/124054.268:ERROR:process_memory_win.cc(73)] ReadMemory at 0x14fa7c9a970 of 132 bytes failed: Only part of a ReadProcessMemory or WriteProcessMemory request was completed. (0x12B)
[0809/124054.268:ERROR:process_memory_win.cc(73)] ReadMemory at 0x14fa7c9aaa0 of 64 bytes failed: Only part of a ReadProcessMemory or WriteProcessMemory request was completed. (0x12B)
[0809/124054.268:ERROR:process_memory_win.cc(73)] ReadMemory at 0x14fa7c9acc0 of 132 bytes failed: Only part of a ReadProcessMemory or WriteProcessMemory request was completed. (0x12B)
[0809/124054.268:ERROR:process_memory_win.cc(73)] ReadMemory at 0x14fa7c9adf0 of 62 bytes failed: Only part of a ReadProcessMemory or WriteProcessMemory request was completed. (0x12B)
[0809/124054.268:ERROR:process_memory_win.cc(73)] ReadMemory at 0x14fa7c9aff0 of 132 bytes failed: Only part of a ReadProcessMemory or WriteProcessMemory request was completed. (0x12B)
[0809/124054.386:ERROR:process_memory_win.cc(73)] ReadMemory at 0x14fa7c9b120 of 62 bytes failed: Only part of a ReadProcessMemory or WriteProcessMemory request was completed. (0x12B)
[0809/124054.427:ERROR:process_memory_win.cc(73)] ReadMemory at 0x14fa7c9b3f0 of 132 bytes failed: Only part of a ReadProcessMemory or WriteProcessMemory request was completed. (0x12B)
[0809/124054.427:ERROR:process_memory_win.cc(73)] ReadMemory at 0x14fa7c9b520 of 132 bytes failed: Only part of a ReadProcessMemory or WriteProcessMemory request was completed. (0x12B)
[0809/124054.427:ERROR:process_memory_win.cc(73)] ReadMemory at 0x14fa7c9b650 of 132 bytes failed: Only part of a ReadProcessMemory or WriteProcessMemory request was completed. (0x12B)
[0809/124054.427:ERROR:process_memory_win.cc(73)] ReadMemory at 0x14fa7c9b780 of 132 bytes failed: Only part of a ReadProcessMemory or WriteProcessMemory request was completed. (0x12B)
[0809/124054.427:ERROR:process_memory_win.cc(73)] ReadMemory at 0x14fa7c9b9e0 of 132 bytes failed: Only part of a ReadProcessMemory or WriteProcessMemory request was completed. (0x12B)
[0809/124054.427:ERROR:process_memory_win.cc(73)] ReadMemory at 0x14fa7c9bb10 of 132 bytes failed: Only part of a ReadProcessMemory or WriteProcessMemory request was completed. (0x12B)
[0809/124054.427:ERROR:process_memory_win.cc(73)] ReadMemory at 0x14fa7c9bc40 of 132 bytes failed: Only part of a ReadProcessMemory or WriteProcessMemory request was completed. (0x12B)
[0809/124054.427:ERROR:process_memory_win.cc(73)] ReadMemory at 0x14fa7c9bd70 of 132 bytes failed: Only part of a ReadProcessMemory or WriteProcessMemory request was completed. (0x12B)
[0809/124054.428:ERROR:process_memory_win.cc(73)] ReadMemory at 0x14fa7c9bea0 of 132 bytes failed: Only part of a ReadProcessMemory or WriteProcessMemory request was completed. (0x12B)
[0809/124054.428:ERROR:process_memory_win.cc(73)] ReadMemory at 0x14fa7c9bfd0 of 132 bytes failed: Only part of a ReadProcessMemory or WriteProcessMemory request was completed. (0x12B)
[0809/124054.451:ERROR:process_memory_win.cc(73)] ReadMemory at 0x14fa7c9c100 of 132 bytes failed: Only part of a ReadProcessMemory or WriteProcessMemory request was completed. (0x12B)
[0809/124054.520:ERROR:process_memory_win.cc(73)] ReadMemory at 0x14fa7c9c230 of 132 bytes failed: Only part of a ReadProcessMemory or WriteProcessMemory request was completed. (0x12B)
[0809/124054.520:ERROR:process_memory_win.cc(73)] ReadMemory at 0x14fa7c9c400 of 62 bytes failed: Only part of a ReadProcessMemory or WriteProcessMemory request was completed. (0x12B)
[0809/124054.520:ERROR:process_memory_win.cc(73)] ReadMemory at 0x14fa7c9c450 of 60 bytes failed: Only part of a ReadProcessMemory or WriteProcessMemory request was completed. (0x12B)
[0809/124054.520:ERROR:process_memory_win.cc(73)] ReadMemory at 0x14fa7c9c590 of 58 bytes failed: Only part of a ReadProcessMemory or WriteProcessMemory request was completed. (0x12B)
[0809/124054.520:ERROR:process_memory_win.cc(73)] ReadMemory at 0x14fa7c9c7c0 of 58 bytes failed: Only part of a ReadProcessMemory or WriteProcessMemory request was completed. (0x12B)
[0809/124054.520:ERROR:process_memory_win.cc(73)] ReadMemory at 0x14fa7c9c860 of 62 bytes failed: Only part of a ReadProcessMemory or WriteProcessMemory request was completed. (0x12B)
[0809/124054.520:ERROR:process_memory_win.cc(73)] ReadMemory at 0x14fa7c9c8b0 of 66 bytes failed: Only part of a ReadProcessMemory or WriteProcessMemory request was completed. (0x12B)
[0809/124054.520:ERROR:process_memory_win.cc(73)] ReadMemory at 0x14fa7c9c950 of 66 bytes failed: Only part of a ReadProcessMemory or WriteProcessMemory request was completed. (0x12B)
[0809/124054.521:ERROR:process_memory_win.cc(73)] ReadMemory at 0x14fa7c9c9a0 of 66 bytes failed: Only part of a ReadProcessMemory or WriteProcessMemory request was completed. (0x12B)
[0809/124054.521:ERROR:process_memory_win.cc(73)] ReadMemory at 0x14fa7c9c9f0 of 60 bytes failed: Only part of a ReadProcessMemory or WriteProcessMemory request was completed. (0x12B)
[0809/124054.521:ERROR:process_memory_win.cc(73)] ReadMemory at 0x14fa7c9ca40 of 64 bytes failed: Only part of a ReadProcessMemory or WriteProcessMemory request was completed. (0x12B)
[0809/124054.535:ERROR:process_memory_win.cc(73)] ReadMemory at 0x14fa7c9cae0 of 66 bytes failed: Only part of a ReadProcessMemory or WriteProcessMemory request was completed. (0x12B)
[0809/124054.536:ERROR:process_memory_win.cc(73)] ReadMemory at 0x14fa7c9cb30 of 62 bytes failed: Only part of a ReadProcessMemory or WriteProcessMemory request was completed. (0x12B)
[0809/124054.536:ERROR:process_memory_win.cc(73)] ReadMemory at 0x14fa7c9ded0 of 154 bytes failed: Only part of a ReadProcessMemory or WriteProcessMemory request was completed. (0x12B)
[0809/124054.536:ERROR:process_memory_win.cc(73)] ReadMemory at 0x14fa7c9f8d0 of 132 bytes failed: Only part of a ReadProcessMemory or WriteProcessMemory request was completed. (0x12B)
[0809/124054.536:ERROR:process_memory_win.cc(73)] ReadMemory at 0x14fa7c9fa00 of 132 bytes failed: Only part of a ReadProcessMemory or WriteProcessMemory request was completed. (0x12B)
[0809/124054.536:ERROR:process_memory_win.cc(73)] ReadMemory at 0x14fa7c9fb30 of 132 bytes failed: Only part of a ReadProcessMemory or WriteProcessMemory request was completed. (0x12B)
[0809/124054.536:ERROR:process_memory_win.cc(73)] ReadMemory at 0x14fa7c9fc60 of 132 bytes failed: Only part of a ReadProcessMemory or WriteProcessMemory request was completed. (0x12B)
[0809/124054.536:ERROR:process_memory_win.cc(73)] ReadMemory at 0x14fa7c9fd90 of 132 bytes failed: Only part of a ReadProcessMemory or WriteProcessMemory request was completed. (0x12B)
[0809/124054.536:ERROR:process_memory_win.cc(73)] ReadMemory at 0x14fa7c9fec0 of 132 bytes failed: Only part of a ReadProcessMemory or WriteProcessMemory request was completed. (0x12B)
[0809/124054.536:ERROR:process_memory_win.cc(73)] ReadMemory at 0x14fa7c9fff0 of 132 bytes failed: Only part of a ReadProcessMemory or WriteProcessMemory request was completed. (0x12B)
[0809/124054.536:ERROR:process_memory_win.cc(73)] ReadMemory at 0x14fa7ca0120 of 132 bytes failed: Only part of a ReadProcessMemory or WriteProcessMemory request was completed. (0x12B)
[0809/124054.536:ERROR:process_memory_win.cc(73)] ReadMemory at 0x14fa7ca0250 of 132 bytes failed: Only part of a ReadProcessMemory or WriteProcessMemory request was completed. (0x12B)
[0809/124054.614:ERROR:process_memory_win.cc(73)] ReadMemory at 0x14fa7ca0380 of 132 bytes failed: Only part of a ReadProcessMemory or WriteProcessMemory request was completed. (0x12B)
[0809/124054.614:ERROR:process_memory_win.cc(73)] ReadMemory at 0x14fa7ca04b0 of 132 bytes failed: Only part of a ReadProcessMemory or WriteProcessMemory request was completed. (0x12B)
[0809/124054.614:ERROR:process_memory_win.cc(73)] ReadMemory at 0x14fa7ca05e0 of 132 bytes failed: Only part of a ReadProcessMemory or WriteProcessMemory request was completed. (0x12B)
[0809/124054.614:ERROR:process_memory_win.cc(73)] ReadMemory at 0x14fa7ca0710 of 132 bytes failed: Only part of a ReadProcessMemory or WriteProcessMemory request was completed. (0x12B)
[0809/124054.614:ERROR:process_memory_win.cc(73)] ReadMemory at 0x14fa7ca0840 of 132 bytes failed: Only part of a ReadProcessMemory or WriteProcessMemory request was completed. (0x12B)
[0809/124054.614:ERROR:process_memory_win.cc(73)] ReadMemory at 0x14fa7ca0970 of 132 bytes failed: Only part of a ReadProcessMemory or WriteProcessMemory request was completed. (0x12B)
[0809/124054.614:ERROR:process_memory_win.cc(73)] ReadMemory at 0x14fa7ca0aa0 of 132 bytes failed: Only part of a ReadProcessMemory or WriteProcessMemory request was completed. (0x12B)
[0809/124054.614:ERROR:process_memory_win.cc(73)] ReadMemory at 0x14fa7ca0bd0 of 132 bytes failed: Only part of a ReadProcessMemory or WriteProcessMemory request was completed. (0x12B)
[0809/124054.614:ERROR:process_memory_win.cc(73)] ReadMemory at 0x14fa7ca0d00 of 132 bytes failed: Only part of a ReadProcessMemory or WriteProcessMemory request was completed. (0x12B)
[0809/124054.614:ERROR:process_memory_win.cc(73)] ReadMemory at 0x14fa7ca0e30 of 132 bytes failed: Only part of a ReadProcessMemory or WriteProcessMemory request was completed. (0x12B)
[0809/124054.614:ERROR:process_memory_win.cc(73)] ReadMemory at 0x14fa7ca0f60 of 132 bytes failed: Only part of a ReadProcessMemory or WriteProcessMemory request was completed. (0x12B)
[0809/124054.684:ERROR:process_memory_win.cc(73)] ReadMemory at 0x14fa7ca1090 of 132 bytes failed: Only part of a ReadProcessMemory or WriteProcessMemory request was completed. (0x12B)
[0809/124054.684:ERROR:process_memory_win.cc(73)] ReadMemory at 0x14fa7ca11c0 of 132 bytes failed: Only part of a ReadProcessMemory or WriteProcessMemory request was completed. (0x12B)
[0809/124054.684:ERROR:process_memory_win.cc(73)] ReadMemory at 0x14fa7ca12f0 of 132 bytes failed: Only part of a ReadProcessMemory or WriteProcessMemory request was completed. (0x12B)
[0809/124054.684:ERROR:process_memory_win.cc(73)] ReadMemory at 0x14fa7ca1420 of 132 bytes failed: Only part of a ReadProcessMemory or WriteProcessMemory request was completed. (0x12B)
[0809/124054.684:ERROR:process_memory_win.cc(73)] ReadMemory at 0x14fa7ca1550 of 132 bytes failed: Only part of a ReadProcessMemory or WriteProcessMemory request was completed. (0x12B)
[0809/124054.684:ERROR:process_memory_win.cc(73)] ReadMemory at 0x14fa7ca1680 of 132 bytes failed: Only part of a ReadProcessMemory or WriteProcessMemory request was completed. (0x12B)
[0809/124054.684:ERROR:process_memory_win.cc(73)] ReadMemory at 0x14fa7ca3620 of 80 bytes failed: Only part of a ReadProcessMemory or WriteProcessMemory request was completed. (0x12B)
[0809/124054.684:ERROR:process_memory_win.cc(73)] ReadMemory at 0x14fa7ca8e00 of 58 bytes failed: Only part of a ReadProcessMemory or WriteProcessMemory request was completed. (0x12B)
[0809/124054.684:ERROR:process_memory_win.cc(73)] ReadMemory at 0x14fa7ca8e50 of 64 bytes failed: Only part of a ReadProcessMemory or WriteProcessMemory request was completed. (0x12B)
[0809/124054.684:ERROR:process_memory_win.cc(73)] ReadMemory at 0x14fa7ca8ea0 of 64 bytes failed: Only part of a ReadProcessMemory or WriteProcessMemory request was completed. (0x12B)
[0809/124054.684:ERROR:process_memory_win.cc(73)] ReadMemory at 0x14fa7ca8ef0 of 62 bytes failed: Only part of a ReadProcessMemory or WriteProcessMemory request was completed. (0x12B)
[0809/124054.684:ERROR:process_memory_win.cc(73)] ReadMemory at 0x14fa7ca9170 of 62 bytes failed: Only part of a ReadProcessMemory or WriteProcessMemory request was completed. (0x12B)
[0809/124054.684:ERROR:process_memory_win.cc(73)] ReadMemory at 0x14fa7ca9490 of 60 bytes failed: Only part of a ReadProcessMemory or WriteProcessMemory request was completed. (0x12B)
[0809/124054.684:ERROR:process_memory_win.cc(73)] ReadMemory at 0x14fa7ca94e0 of 64 bytes failed: Only part of a ReadProcessMemory or WriteProcessMemory request was completed. (0x12B)
[0809/124054.684:ERROR:process_memory_win.cc(73)] ReadMemory at 0x14fa7ca9580 of 60 bytes failed: Only part of a ReadProcessMemory or WriteProcessMemory request was completed. (0x12B)
[0809/124054.684:ERROR:process_memory_win.cc(73)] ReadMemory at 0x14fa7ca95d0 of 56 bytes failed: Only part of a ReadProcessMemory or WriteProcessMemory request was completed. (0x12B)
[0809/124054.684:ERROR:process_memory_win.cc(73)] ReadMemory at 0x14fa7ca9710 of 60 bytes failed: Only part of a ReadProcessMemory or WriteProcessMemory request was completed. (0x12B)
[0809/124054.684:ERROR:process_memory_win.cc(73)] ReadMemory at 0x14fa7ca97b0 of 58 bytes failed: Only part of a ReadProcessMemory or WriteProcessMemory request was completed. (0x12B)
[0809/124054.684:ERROR:process_memory_win.cc(73)] ReadMemory at 0x14fa7ca98f0 of 58 bytes failed: Only part of a ReadProcessMemory or WriteProcessMemory request was completed. (0x12B)
[0809/124054.684:ERROR:process_memory_win.cc(73)] ReadMemory at 0x14fa7ca9940 of 64 bytes failed: Only part of a ReadProcessMemory or WriteProcessMemory request was completed. (0x12B)
[0809/124054.684:ERROR:process_memory_win.cc(73)] ReadMemory at 0x14fa7ca9a80 of 60 bytes failed: Only part of a ReadProcessMemory or WriteProcessMemory request was completed. (0x12B)
[0809/124054.684:ERROR:process_memory_win.cc(73)] ReadMemory at 0x14fa7ca9b20 of 64 bytes failed: Only part of a ReadProcessMemory or WriteProcessMemory request was completed. (0x12B)
[0809/124054.684:ERROR:process_memory_win.cc(73)] ReadMemory at 0x14fa7ca9b70 of 64 bytes failed: Only part of a ReadProcessMemory or WriteProcessMemory request was completed. (0x12B)
[0809/124054.684:ERROR:process_memory_win.cc(73)] ReadMemory at 0x14fa7ca9c60 of 62 bytes failed: Only part of a ReadProcessMemory or WriteProcessMemory request was completed. (0x12B)
[0809/124054.684:ERROR:process_memory_win.cc(73)] ReadMemory at 0x14fa7caa290 of 54 bytes failed: Only part of a ReadProcessMemory or WriteProcessMemory request was completed. (0x12B)
[0809/124054.684:ERROR:process_memory_win.cc(73)] ReadMemory at 0x14fa7caf480 of 248 bytes failed: Only part of a ReadProcessMemory or WriteProcessMemory request was completed. (0x12B)
[0809/124054.684:ERROR:process_memory_win.cc(73)] ReadMemory at 0x14fa7cb31a0 of 132 bytes failed: Only part of a ReadProcessMemory or WriteProcessMemory request was completed. (0x12B)
[0809/124054.684:ERROR:process_memory_win.cc(73)] ReadMemory at 0x14fa7cb3400 of 132 bytes failed: Only part of a ReadProcessMemory or WriteProcessMemory request was completed. (0x12B)
[0809/124054.684:ERROR:process_memory_win.cc(73)] ReadMemory at 0x14fa7cb4670 of 60 bytes failed: Only part of a ReadProcessMemory or WriteProcessMemory request was completed. (0x12B)
[0809/124054.684:ERROR:process_memory_win.cc(73)] ReadMemory at 0x14fa7cb46c0 of 62 bytes failed: Only part of a ReadProcessMemory or WriteProcessMemory request was completed. (0x12B)
[0809/124054.684:ERROR:process_memory_win.cc(73)] ReadMemory at 0x14fa7cb4a80 of 64 bytes failed: Only part of a ReadProcessMemory or WriteProcessMemory request was completed. (0x12B)
[0809/124054.860:ERROR:process_memory_win.cc(73)] ReadMemory at 0x14fa7cb50c0 of 60 bytes failed: Only part of a ReadProcessMemory or WriteProcessMemory request was completed. (0x12B)
[0809/124054.860:ERROR:process_memory_win.cc(73)] ReadMemory at 0x14fa7cb5520 of 62 bytes failed: Only part of a ReadProcessMemory or WriteProcessMemory request was completed. (0x12B)
[0809/124054.860:ERROR:process_memory_win.cc(73)] ReadMemory at 0x14fa7cb55c0 of 64 bytes failed: Only part of a ReadProcessMemory or WriteProcessMemory request was completed. (0x12B)
[0809/124054.860:ERROR:process_memory_win.cc(73)] ReadMemory at 0x14fa7cc1ca0 of 512 bytes failed: Only part of a ReadProcessMemory or WriteProcessMemory request was completed. (0x12B)
[0809/124054.860:ERROR:process_memory_win.cc(73)] ReadMemory at 0x14fa7cc2a40 of 512 bytes failed: Only part of a ReadProcessMemory or WriteProcessMemory request was completed. (0x12B)
[0809/124054.860:ERROR:process_memory_win.cc(73)] ReadMemory at 0x14fa8179f30 of 512 bytes failed: Only part of a ReadProcessMemory or WriteProcessMemory request was completed. (0x12B)
[0809/124054.860:ERROR:process_memory_win.cc(73)] ReadMemory at 0x14fa817ae18 of 512 bytes failed: Only part of a ReadProcessMemory or WriteProcessMemory request was completed. (0x12B)
[0809/124054.860:ERROR:process_memory_win.cc(73)] ReadMemory at 0x14fa8192090 of 512 bytes failed: Only part of a ReadProcessMemory or WriteProcessMemory request was completed. (0x12B)
[0809/124054.911:ERROR:process_memory_win.cc(73)] ReadMemory at 0x14fa8192480 of 512 bytes failed: Only part of a ReadProcessMemory or WriteProcessMemory request was completed. (0x12B)
[0809/124054.912:ERROR:process_memory_win.cc(73)] ReadMemory at 0x14fa81be0e0 of 712 bytes failed: Only part of a ReadProcessMemory or WriteProcessMemory request was completed. (0x12B)
[0809/124054.912:ERROR:process_memory_win.cc(73)] ReadMemory at 0x14faa77bd30 of 512 bytes failed: Only part of a ReadProcessMemory or WriteProcessMemory request was completed. (0x12B)
[0809/124054.912:ERROR:process_memory_win.cc(73)] ReadMemory at 0x14fad2c4d90 of 512 bytes failed: Only part of a ReadProcessMemory or WriteProcessMemory request was completed. (0x12B)
[0809/124054.912:ERROR:process_memory_win.cc(73)] ReadMemory at 0x14fb2943980 of 512 bytes failed: Only part of a ReadProcessMemory or WriteProcessMemory request was completed. (0x12B)
[0809/124054.912:ERROR:process_memory_win.cc(73)] ReadMemory at 0x14fc4cb9fc0 of 512 bytes failed: Only part of a ReadProcessMemory or WriteProcessMemory request was completed. (0x12B)
[0809/124054.912:ERROR:process_memory_win.cc(73)] ReadMemory at 0x14fc4cd4250 of 512 bytes failed: Only part of a ReadProcessMemory or WriteProcessMemory request was completed. (0x12B)
[0809/124054.912:ERROR:process_memory_win.cc(73)] ReadMemory at 0x3c981cdae08 of 512 bytes failed: Only part of a ReadProcessMemory or WriteProcessMemory request was completed. (0x12B)
[0809/124054.912:ERROR:process_memory_win.cc(73)] ReadMemory at 0x3c981cfdf98 of 512 bytes failed: Only part of a ReadProcessMemory or WriteProcessMemory request was completed. (0x12B)
[0809/124054.912:ERROR:process_memory_win.cc(73)] ReadMemory at 0x11fcb92ae370 of 568 bytes failed: Only part of a ReadProcessMemory or WriteProcessMemory request was completed. (0x12B)
[0809/124054.919:ERROR:scoped_process_suspend.cc(40)] NtResumeProcess: An attempt was made to access an exiting process. (0xc000010a)
